<?xml version="1.0" encoding="UTF-8"?>
<!-- Generated by org.testng.reporters.JUnitReportReporter -->
<testsuite hostname="DESKTOP-CJ2TM4F" failures="0" tests="1" name="com.realdemand.qa.testcases.NewTest" time="0.089" errors="0" timestamp="2023-12-06T15:42:59 IST" skipped="0">
  <testcase classname="com.realdemand.qa.testcases.NewTest" name="f" time="0.089"/>
</testsuite> <!-- com.realdemand.qa.testcases.NewTest -->
