<?xml version="1.0" encoding="UTF-8"?>
<!-- Generated by org.testng.reporters.JUnitReportReporter -->
<testsuite hostname="DESKTOP-CJ2TM4F" failures="0" tests="1" name="com.realdemand.qa.testcases.LoginPageTest" time="14.345" errors="0" timestamp="2023-11-21T15:05:57 IST" skipped="0">
  <testcase classname="com.realdemand.qa.testcases.LoginPageTest" name="LoginTest" time="14.345"/>
</testsuite> <!-- com.realdemand.qa.testcases.LoginPageTest -->
