<?xml version="1.0" encoding="UTF-8"?>
<!-- Generated by org.testng.reporters.JUnitReportReporter -->
<testsuite hostname="DESKTOP-CJ2TM4F" failures="0" tests="1" name="com.realdemand.qa.testcases.NewTest01" time="0.124" errors="0" timestamp="2023-11-21T14:55:58 IST" skipped="0">
  <testcase classname="com.realdemand.qa.testcases.NewTest01" name="f" time="0.124"/>
</testsuite> <!-- com.realdemand.qa.testcases.NewTest01 -->
